20:23:47.310 [main] INFO  o.s.b.t.c.SpringBootTestContextBootstrapper - Neither @ContextConfiguration nor @ContextHierarchy found for test class [T1.JSTExtensionTest], using SpringBootContextLoader
20:23:47.330 [main] INFO  o.s.t.c.s.AbstractContextLoader - Could not detect default resource locations for test class [T1.JSTExtensionTest]: no resource found for suffixes {-context.xml, Context.groovy}.
20:23:47.502 [main] INFO  o.s.b.t.c.SpringBootTestContextBootstrapper - Loaded default TestExecutionListener class names from location [META-INF/spring.factories]: [org.springframework.boot.test.mock.mockito.MockitoTestExecutionListener, org.springframework.boot.test.mock.mockito.ResetMocksTestExecutionListener, org.springframework.boot.test.autoconfigure.restdocs.RestDocsTestExecutionListener, org.springframework.boot.test.autoconfigure.web.client.MockRestServiceServerResetTestExecutionListener, org.springframework.boot.test.autoconfigure.web.servlet.MockMvcPrintOnlyOnFailureTestExecutionListener, org.springframework.boot.test.autoconfigure.web.servlet.WebDriverTestExecutionListener, org.springframework.test.context.web.ServletTestExecutionListener, org.springframework.test.context.support.DirtiesContextBeforeModesTestExecutionListener, org.springframework.test.context.support.DependencyInjectionTestExecutionListener, org.springframework.test.context.support.DirtiesContextTestExecutionListener, org.springframework.test.context.transaction.TransactionalTestExecutionListener, org.springframework.test.context.jdbc.SqlScriptsTestExecutionListener]
20:23:47.552 [main] INFO  o.s.b.t.c.SpringBootTestContextBootstrapper - Could not instantiate TestExecutionListener [org.springframework.test.context.web.ServletTestExecutionListener]. Specify custom listener classes or make the default listener classes (and their required dependencies) available. Offending class: [javax/servlet/ServletContext]
20:23:47.583 [main] INFO  o.s.b.t.c.SpringBootTestContextBootstrapper - Using TestExecutionListeners: [org.springframework.test.context.support.DirtiesContextBeforeModesTestExecutionListener@1445d7f, org.springframework.boot.test.autoconfigure.SpringBootDependencyInjectionTestExecutionListener@6a396c1e, org.springframework.test.context.support.DirtiesContextTestExecutionListener@6c3f5566, org.springframework.test.context.transaction.TransactionalTestExecutionListener@12405818, org.springframework.test.context.jdbc.SqlScriptsTestExecutionListener@314c508a, org.springframework.boot.test.autoconfigure.web.client.MockRestServiceServerResetTestExecutionListener@10b48321, org.springframework.boot.test.autoconfigure.web.servlet.WebDriverTestExecutionListener@6b67034, org.springframework.boot.test.autoconfigure.web.servlet.MockMvcPrintOnlyOnFailureTestExecutionListener@16267862, org.springframework.boot.test.mock.mockito.ResetMocksTestExecutionListener@453da22c, org.springframework.boot.test.mock.mockito.MockitoTestExecutionListener@71248c21, org.springframework.boot.test.autoconfigure.restdocs.RestDocsTestExecutionListener@442675e1]
20:23:48.612 [main] INFO  o.s.boot.SpringApplication - 
  .   ____          _            __ _ _
 /\\ / ___'_ __ _ _(_)_ __  __ _ \ \ \ \
( ( )\___ | '_ | '_| | '_ \/ _` | \ \ \ \
 \\/  ___)| |_)| | | | | || (_| |  ) ) ) )
  '  |____| .__|_| |_|_| |_\__, | / / / /
 =========|_|==============|___/=/_/_/_/
 :: Spring Boot ::        (v1.5.8.RELEASE)


20:23:48.903 [main] INFO  T1.JSTExtensionTest - Starting JSTExtensionTest on AkshayReddy with PID 24612 (started by aksha in A:\Practice\Sam)
20:23:48.903 [main] INFO  T1.JSTExtensionTest - No active profile set, falling back to default profiles: default
20:23:49.006 [main] INFO  o.s.c.a.AnnotationConfigApplicationContext - Refreshing org.springframework.context.annotation.AnnotationConfigApplicationContext@8c3b9d: startup date [Wed May 27 20:23:48 CDT 2020]; root of context hierarchy
20:23:49.776 [main] INFO  o.s.c.s.PostProcessorRegistrationDelegate$BeanPostProcessorChecker - Bean 'camelAutoConfiguration' of type [org.apache.camel.spring.boot.CamelAutoConfiguration$$EnhancerBySpringCGLIB$$a34908e5] is not eligible for getting processed by all BeanPostProcessors (for example: not eligible for auto-proxying)
20:23:51.267 [main] INFO  o.a.c.i.c.DefaultTypeConverter - Type converters loaded (core: 192, classpath: 1)
20:23:51.580 [main] INFO  o.a.c.spring.boot.RoutesCollector - Loading additional Camel XML routes from: classpath:camel/*.xml
20:23:51.588 [main] INFO  o.a.c.spring.boot.RoutesCollector - Loading additional Camel XML rests from: classpath:camel-rest/*.xml
20:23:51.590 [main] INFO  o.a.camel.spring.SpringCamelContext - Apache Camel 2.20.1 (CamelContext: camel-1) is starting
20:23:51.590 [main] INFO  o.a.c.m.ManagedManagementStrategy - JMX is enabled
20:23:52.323 [main] INFO  o.a.camel.spring.SpringCamelContext - StreamCaching is not in use. If using streams then its recommended to enable stream caching. See more details at http://camel.apache.org/stream-caching.html
20:23:52.323 [main] INFO  o.a.camel.spring.SpringCamelContext - Total 0 routes, of which 0 are started
20:23:52.341 [main] INFO  o.a.camel.spring.SpringCamelContext - Apache Camel 2.20.1 (CamelContext: camel-1) started in 0.741 seconds
20:23:52.362 [main] INFO  T1.JSTExtensionTest - Started JSTExtensionTest in 4.489 seconds (JVM running for 7.023)
20:23:52.590 [Thread-1] INFO  o.s.c.a.AnnotationConfigApplicationContext - Closing org.springframework.context.annotation.AnnotationConfigApplicationContext@8c3b9d: startup date [Wed May 27 20:23:48 CDT 2020]; root of context hierarchy
20:23:52.653 [Thread-1] INFO  o.s.c.s.DefaultLifecycleProcessor - Stopping beans in phase 2147483647
20:23:52.653 [Thread-1] INFO  o.a.camel.spring.SpringCamelContext - Apache Camel 2.20.1 (CamelContext: camel-1) is shutting down
20:23:52.794 [Thread-1] INFO  o.a.camel.spring.SpringCamelContext - Apache Camel 2.20.1 (CamelContext: camel-1) uptime 1.204 seconds
20:23:52.794 [Thread-1] INFO  o.a.camel.spring.SpringCamelContext - Apache Camel 2.20.1 (CamelContext: camel-1) is shutdown in 0.141 seconds
